<?xml version="1.0" encoding="UTF-8"?>
<!-- Generated by org.testng.reporters.JUnitReportReporter -->
<testsuite skipped="0" hostname="DESKTOP-9UQGMJ6" name="Rippling.RipplingTests.Rippling" tests="8" failures="0" timestamp="11 Mar 2018 22:53:07 GMT" time="1.791" errors="0">
  <testcase name="LaunchApp" time="0.066" classname="Rippling.RipplingTests.Rippling"/>
  <testcase name="VerifyPhoneField" time="0.111" classname="Rippling.RipplingTests.Rippling"/>
  <testcase name="VerifyPhoneFieldWithInvalidData" time="1.121" classname="Rippling.RipplingTests.Rippling"/>
  <testcase name="VerifyPhoneFieldWithAlphanumericData" time="0.114" classname="Rippling.RipplingTests.Rippling"/>
  <testcase name="VerifyonlynumberWithAlphanumericData" time="0.112" classname="Rippling.RipplingTests.Rippling"/>
  <testcase name="VerifyonlynumberWithvalidData" time="0.081" classname="Rippling.RipplingTests.Rippling"/>
  <testcase name="VerifyZeroCentWithValidData" time="0.099" classname="Rippling.RipplingTests.Rippling"/>
  <testcase name="VerifyZeroCentWithAlphanumericData" time="0.087" classname="Rippling.RipplingTests.Rippling"/>
</testsuite> <!-- Rippling.RipplingTests.Rippling -->
